#-----------------------------------------------------------
# Vivado v2020.2 (64-bit)
# SW Build 3064766 on Wed Nov 18 09:12:47 MST 2020
# IP Build 3064653 on Wed Nov 18 14:17:31 MST 2020
# Start of session at: Thu Mar 30 09:03:55 2023
# Process ID: 17933
# Current directory: /home/nakashim/proj-arm64/fpga/ZU19EG-step4000_IP
# Command line: vivado -stack 10000
# Log file: /home/nakashim/proj-arm64/fpga/ZU19EG-step4000_IP/vivado.log
# Journal file: /home/nakashim/proj-arm64/fpga/ZU19EG-step4000_IP/vivado.jou
#-----------------------------------------------------------
Sourcing tcl script '/home/nakashim/.Xilinx/Vivado/Vivado_init.tcl'
start_gui
create_project project_1 . -part xczu19eg-ffvb1517-2-i
INFO: [IP_Flow 19-234] Refreshing IP repositories
INFO: [IP_Flow 19-1704] No user IP repositories specified
INFO: [IP_Flow 19-2313] Loaded Vivado IP repository '/opt/xilinx/Vivado/2020.2/data/ip'.
set_property board_part aldec.com:tysom_3a_zu19eg:part0:1.1 [current_project]
add_files -norecurse {/home/nakashim/proj-arm64/fpga/ZU19EG-step4000/fpga_bram128.xci /home/nakashim/proj-arm64/fpga/ZU19EG-step4000/fpga_bram.xci /home/nakashim/proj-arm64/fpga/ZU19EG-step4000/fpga_bram64.xci /home/nakashim/proj-arm64/fpga/ZU19EG-step4000/common.vh}
WARNING: [IP_Flow 19-2162] IP 'fpga_bram128' is locked:
* IP 'fpga_bram128' shares a common output directory with other IP. It is recommended that each IP be placed in its own directory. * IP definition 'Block Memory Generator (8.4)' for IP 'fpga_bram128' (customized with software release 2018.3) has a different revision in the IP Catalog. * Current project part 'xczu19eg-ffvb1517-2-i' and the part 'xcvu440-flga2892-2-e' used to customize the IP 'fpga_bram128' do not match.
WARNING: [IP_Flow 19-2162] IP 'fpga_bram' is locked:
* IP 'fpga_bram' shares a common output directory with other IP. It is recommended that each IP be placed in its own directory. * IP definition 'Block Memory Generator (8.4)' for IP 'fpga_bram' (customized with software release 2018.3) has a different revision in the IP Catalog. * Current project part 'xczu19eg-ffvb1517-2-i' and the part 'xcvu440-flga2892-2-e' used to customize the IP 'fpga_bram' do not match.
WARNING: [IP_Flow 19-2162] IP 'fpga_bram64' is locked:
* IP 'fpga_bram64' shares a common output directory with other IP. It is recommended that each IP be placed in its own directory. * IP definition 'Block Memory Generator (8.4)' for IP 'fpga_bram64' (customized with software release 2018.3) has a different revision in the IP Catalog. * Current project part 'xczu19eg-ffvb1517-2-i' and the part 'xcvu440-flga2892-2-e' used to customize the IP 'fpga_bram64' do not match.
export_ip_user_files -of_objects  [get_files  {/home/nakashim/proj-arm64/fpga/ZU19EG-step4000/fpga_bram128.xci /home/nakashim/proj-arm64/fpga/ZU19EG-step4000/fpga_bram.xci /home/nakashim/proj-arm64/fpga/ZU19EG-step4000/fpga_bram64.xci}] -lib_map_path [list {modelsim=/home/nakashim/proj-arm64/fpga/ZU19EG-step4000_IP/project_1.cache/compile_simlib/modelsim} {questa=/home/nakashim/proj-arm64/fpga/ZU19EG-step4000_IP/project_1.cache/compile_simlib/questa} {ies=/home/nakashim/proj-arm64/fpga/ZU19EG-step4000_IP/project_1.cache/compile_simlib/ies} {xcelium=/home/nakashim/proj-arm64/fpga/ZU19EG-step4000_IP/project_1.cache/compile_simlib/xcelium} {vcs=/home/nakashim/proj-arm64/fpga/ZU19EG-step4000_IP/project_1.cache/compile_simlib/vcs} {riviera=/home/nakashim/proj-arm64/fpga/ZU19EG-step4000_IP/project_1.cache/compile_simlib/riviera}] -force -quiet
add_files -norecurse {/home/nakashim/proj-arm64/fpga/ZU19EG-step4000/bit24_booth_wallace.v /home/nakashim/proj-arm64/fpga/ZU19EG-step4000/nbit_register.v /home/nakashim/proj-arm64/fpga/ZU19EG-step4000/nbit_csa.v /home/nakashim/proj-arm64/fpga/ZU19EG-step4000/nbit_ndepth_queue.v /home/nakashim/proj-arm64/fpga/ZU19EG-step4000/lmring.v /home/nakashim/proj-arm64/fpga/ZU19EG-step4000/unit.v /home/nakashim/proj-arm64/fpga/ZU19EG-step4000/stage5.v /home/nakashim/proj-arm64/fpga/ZU19EG-step4000/stage1.v /home/nakashim/proj-arm64/fpga/ZU19EG-step4000/stage2.v /home/nakashim/proj-arm64/fpga/ZU19EG-step4000/stage3.v /home/nakashim/proj-arm64/fpga/ZU19EG-step4000/stage4.v /home/nakashim/proj-arm64/fpga/ZU19EG-step4000/fsm.v /home/nakashim/proj-arm64/fpga/ZU19EG-step4000/emax6.v}
update_compile_order -fileset sources_1
update_compile_order -fileset sources_1
ipx::package_project -root_dir /home/nakashim/proj-arm64/fpga/ZU19EG-step4000_IP -vendor comparch -library user -taxonomy /UserIP -import_files -set_current false
WARNING: [IP_Flow 19-3833] Unreferenced file from the top module is not packaged: '/home/nakashim/proj-arm64/fpga/ZU19EG-step4000/fpga_bram64.xci'.
WARNING: [IP_Flow 19-3833] Unreferenced file from the top module is not packaged: '/home/nakashim/proj-arm64/fpga/ZU19EG-step4000/fpga_bram.xci'.
INFO: [IP_Flow 19-1842] HDL Parser: Found include file "src/common.vh" from the top-level HDL file.
INFO: [IP_Flow 19-5107] Inferred bus interface 'axi_s' of definition 'xilinx.com:interface:aximm:1.0' (from Xilinx Repository).
INFO: [IP_Flow 19-5107] Inferred bus interface 'ARESETN' of definition 'xilinx.com:signal:reset:1.0' (from Xilinx Repository).
INFO: [IP_Flow 19-5107] Inferred bus interface 'ACLK' of definition 'xilinx.com:signal:clock:1.0' (from Xilinx Repository).
INFO: [IP_Flow 19-4728] Bus Interface 'ARESETN': Added interface parameter 'POLARITY' with value 'ACTIVE_LOW'.
INFO: [IP_Flow 19-4728] Bus Interface 'ACLK': Added interface parameter 'ASSOCIATED_BUSIF' with value 'axi_s'.
INFO: [IP_Flow 19-4728] Bus Interface 'ACLK': Added interface parameter 'ASSOCIATED_RESET' with value 'ARESETN'.
INFO: [IP_Flow 19-2181] Payment Required is not set for this core.
INFO: [IP_Flow 19-2187] The Product Guide file is missing.
ipx::unload_core /home/nakashim/proj-arm64/fpga/ZU19EG-step4000_IP/component.xml
ipx::edit_ip_in_project -upgrade true -name tmp_edit_project -directory /home/nakashim/proj-arm64/fpga/ZU19EG-step4000_IP /home/nakashim/proj-arm64/fpga/ZU19EG-step4000_IP/component.xml
INFO: [IP_Flow 19-234] Refreshing IP repositories
INFO: [IP_Flow 19-1704] No user IP repositories specified
INFO: [IP_Flow 19-2313] Loaded Vivado IP repository '/opt/xilinx/Vivado/2020.2/data/ip'.
INFO: [IP_Flow 19-795] Syncing license key meta-data
update_compile_order -fileset sources_1
set_property core_revision 2 [ipx::current_core]
ipx::update_source_project_archive -component [ipx::current_core]
ipx::create_xgui_files [ipx::current_core]
ipx::update_checksums [ipx::current_core]
ipx::check_integrity [ipx::current_core]
INFO: [IP_Flow 19-2181] Payment Required is not set for this core.
INFO: [IP_Flow 19-2187] The Product Guide file is missing.
INFO: [Ipptcl 7-1486] check_integrity: Integrity check passed.
ipx::save_core [ipx::current_core]
ipx::move_temp_component_back -component [ipx::current_core]
close_project -delete
set_property  ip_repo_paths  /home/nakashim/proj-arm64/fpga/ZU19EG-step4000_IP [current_project]
update_ip_catalog
INFO: [IP_Flow 19-234] Refreshing IP repositories
INFO: [IP_Flow 19-1700] Loaded user IP repository '/home/nakashim/proj-arm64/fpga/ZU19EG-step4000_IP'.
exit
INFO: [Common 17-206] Exiting Vivado at Thu Mar 30 09:07:02 2023...
